[    0.000000] Initializing cgroup subsys cpuset
[    0.000000] Initializing cgroup subsys cpu
[    0.000000] Initializing cgroup subsys cpuacct
[    0.000000] Linux version 4.4.0-186-generic (buildd@lcy01-amd64-002) (gcc version 5.4.0 20160609 (Ubuntu 5.4.0-6ubuntu1~16.04.12) ) #216-Ubuntu SMP Wed Jul 1 05:34:05 UTC 2020 (Ubuntu 4.4.0-186.216-generic 4.4.228)
[    0.000000] Command line: BOOT_IMAGE=/boot/vmlinuz-4.4.0-186-generic root=LABEL=cloudimg-rootfs ro console=tty1 console=ttyS0
[    0.000000] KERNEL supported cpus:
[    0.000000]   Intel GenuineIntel
[    0.000000]   AMD AuthenticAMD
[    0.000000]   Centaur CentaurHauls
[    0.000000] x86/fpu: xstate_offset[2]:  576, xstate_sizes[2]:  256
[    0.000000] x86/fpu: Supporting XSAVE feature 0x01: 'x87 floating point registers'
[    0.000000] x86/fpu: Supporting XSAVE feature 0x02: 'SSE registers'
[    0.000000] x86/fpu: Supporting XSAVE feature 0x04: 'AVX registers'
[    0.000000] x86/fpu: Enabled xstate features 0x7, context size is 832 bytes, using 'standard' format.
[    0.000000] e820: BIOS-provided physical RAM map:
[    0.000000] BIOS-e820: [mem 0x0000000000000000-0x000000000009fbff] usable
[    0.000000] BIOS-e820: [mem 0x000000000009fc00-0x000000000009ffff] reserved
[    0.000000] BIOS-e820: [mem 0x00000000000f0000-0x00000000000fffff] reserved
[    0.000000] BIOS-e820: [mem 0x0000000000100000-0x000000007ffeffff] usable
[    0.000000] BIOS-e820: [mem 0x000000007fff0000-0x000000007fffffff] ACPI data
[    0.000000] BIOS-e820: [mem 0x00000000fec00000-0x00000000fec00fff] reserved
[    0.000000] BIOS-e820: [mem 0x00000000fee00000-0x00000000fee00fff] reserved
[    0.000000] BIOS-e820: [mem 0x00000000fffc0000-0x00000000ffffffff] reserved
[    0.000000] NX (Execute Disable) protection: active
[    0.000000] SMBIOS 2.5 present.
[    0.000000] Hypervisor detected: KVM
[    0.000000] e820: last_pfn = 0x7fff0 max_arch_pfn = 0x400000000
[    0.000000] MTRR: Disabled
[    0.000000] x86/PAT: MTRRs disabled, skipping PAT initialization too.
[    0.000000] CPU MTRRs all blank - virtualized system.
[    0.000000] x86/PAT: Configuration [0-7]: WB  WT  UC- UC  WB  WT  UC- UC  
[    0.000000] found SMP MP-table at [mem 0x0009fff0-0x0009ffff] mapped at [ffff88000009fff0]
[    0.000000] Scanning 1 areas for low memory corruption
[    0.000000] RAMDISK: [mem 0x362de000-0x37166fff]
[    0.000000] ACPI: Early table checksum verification disabled
[    0.000000] ACPI: RSDP 0x00000000000E0000 000024 (v02 VBOX  )
[    0.000000] ACPI: XSDT 0x000000007FFF0030 00003C (v01 VBOX   VBOXXSDT 00000001 ASL  00000061)
[    0.000000] ACPI: FACP 0x000000007FFF00F0 0000F4 (v04 VBOX   VBOXFACP 00000001 ASL  00000061)
[    0.000000] ACPI: DSDT 0x000000007FFF0470 0021FF (v02 VBOX   VBOXBIOS 00000002 INTL 20180105)
[    0.000000] ACPI: FACS 0x000000007FFF0200 000040
[    0.000000] ACPI: FACS 0x000000007FFF0200 000040
[    0.000000] ACPI: APIC 0x000000007FFF0240 00005C (v02 VBOX   VBOXAPIC 00000001 ASL  00000061)
[    0.000000] ACPI: SSDT 0x000000007FFF02A0 0001CC (v01 VBOX   VBOXCPUT 00000002 INTL 20180105)
[    0.000000] No NUMA configuration found
[    0.000000] Faking a node at [mem 0x0000000000000000-0x000000007ffeffff]
[    0.000000] NODE_DATA(0) allocated [mem 0x7ffeb000-0x7ffeffff]
[    0.000000] kvm-clock: Using msrs 4b564d01 and 4b564d00
[    0.000000] kvm-clock: cpu 0, msr 0:7ffe3001, primary cpu clock
[    0.000000] kvm-clock: using sched offset of 3669856062 cycles
[    0.000000] clocksource: kvm-clock: mask: 0xffffffffffffffff max_cycles: 0x1cd42e4dffb, max_idle_ns: 881590591483 ns
[    0.000000] Zone ranges:
[    0.000000]   DMA      [mem 0x0000000000001000-0x0000000000ffffff]
[    0.000000]   DMA32    [mem 0x0000000001000000-0x000000007ffeffff]
[    0.000000]   Normal   empty
[    0.000000]   Device   empty
[    0.000000] Movable zone start for each node
[    0.000000] Early memory node ranges
[    0.000000]   node   0: [mem 0x0000000000001000-0x000000000009efff]
[    0.000000]   node   0: [mem 0x0000000000100000-0x000000007ffeffff]
[    0.000000] Initmem setup node 0 [mem 0x0000000000001000-0x000000007ffeffff]
[    0.000000] ACPI: PM-Timer IO Port: 0x4008
[    0.000000] IOAPIC[0]: apic_id 2, version 32, address 0xfec00000, GSI 0-23
[    0.000000] ACPI: INT_SRC_OVR (bus 0 bus_irq 0 global_irq 2 dfl dfl)
[    0.000000] ACPI: INT_SRC_OVR (bus 0 bus_irq 9 global_irq 9 low level)
[    0.000000] Using ACPI (MADT) for SMP configuration information
[    0.000000] smpboot: Allowing 2 CPUs, 0 hotplug CPUs
[    0.000000] PM: Registered nosave memory: [mem 0x00000000-0x00000fff]
[    0.000000] PM: Registered nosave memory: [mem 0x0009f000-0x0009ffff]
[    0.000000] PM: Registered nosave memory: [mem 0x000a0000-0x000effff]
[    0.000000] PM: Registered nosave memory: [mem 0x000f0000-0x000fffff]
[    0.000000] e820: [mem 0x80000000-0xfebfffff] available for PCI devices
[    0.000000] Booting paravirtualized kernel on KVM
[    0.000000] clocksource: refined-jiffies: mask: 0xffffffff max_cycles: 0xffffffff, max_idle_ns: 7645519600211568 ns
[    0.000000] setup_percpu: NR_CPUS:512 nr_cpumask_bits:512 nr_cpu_ids:2 nr_node_ids:1
[    0.000000] PERCPU: Embedded 33 pages/cpu @ffff88007fc00000 s95512 r8192 d31464 u1048576
[    0.000000] Built 1 zonelists in Node order, mobility grouping on.  Total pages: 515960
[    0.000000] Policy zone: DMA32
[    0.000000] Kernel command line: BOOT_IMAGE=/boot/vmlinuz-4.4.0-186-generic root=LABEL=cloudimg-rootfs ro console=tty1 console=ttyS0
[    0.000000] PID hash table entries: 4096 (order: 3, 32768 bytes)
[    0.000000] Memory: 2029852K/2096696K available (8636K kernel code, 1337K rwdata, 4040K rodata, 1492K init, 1296K bss, 66844K reserved, 0K cma-reserved)
[    0.000000] SLUB: HWalign=64, Order=0-3, MinObjects=0, CPUs=2, Nodes=1
[    0.000000] Kernel/User page tables isolation: enabled
[    0.000000] Hierarchical RCU implementation.
[    0.000000] 	Build-time adjustment of leaf fanout to 64.
[    0.000000] 	RCU restricting CPUs from NR_CPUS=512 to nr_cpu_ids=2.
[    0.000000] RCU: Adjusting geometry for rcu_fanout_leaf=64, nr_cpu_ids=2
[    0.000000] NR_IRQS:33024 nr_irqs:440 16
[    0.000000] Console: colour VGA+ 80x25
[    0.000000] console [tty1] enabled
[    0.000000] console [ttyS0] enabled
[    0.000000] tsc: Detected 2400.008 MHz processor
[    0.176651] Calibrating delay loop (skipped) preset value.. 4800.01 BogoMIPS (lpj=9600032)
[    0.178645] pid_max: default: 32768 minimum: 301
[    0.179844] ACPI: Core revision 20150930
[    0.1817] ACPI: 2 ACPI AML tables successfully acquired and loaded
[    0.209988] Security Framework initialized
[    0.211027] Yama: becoming mindful.
[    0.211945] AppArmor: AppArmor initialized
[    0.213628] Dentry cache hash table entries: 262144 (order: 9, 2097152 bytes)
[    0.215543] Inode-cache hash table entries: 131072 (order: 8, 1048576 bytes)
[    0.217909] Mount-cache hash table entries: 4096 (order: 3, 32768 bytes)
[    0.219497] Mountpoint-cache hash table entries: 4096 ((order: 3, 32768 bytes)
[    0.221306] Initializing cgroup subsys io
[    0.222285] Initializing cgroup subsys memory
[    0.223319] Initializing cgroup subsys devices
[    0.224487] Initializing cgroup subsys freezer
[    0.225534] Initializing cgroup subsys net_cls
[    0.226580] Initializing cgroup subsys perf_event
[    0.227719] Initializing cgroup subsys net_prio
[    0.228870] Initializing cgroup subsys hugetlb
[    0.229923] Initializing cgroup subsys pids
[    0.232731] mce: CPU supports 0 MCE banks
[    0.233724] Last level iTLB entries: 4KB 64, 2MB 8, 4MB 8
[    0.234991] Last level dTLB entries: 4KB 64, 2MB 0, 4MB 0, 1GB 4
[    0.236407] Spectre V1 : Mitigation: usercopy/swapgs barriers and __user pointer sanitization
[    0.238428] Spectre V2 : Mitigation: Full generic retpoline
[    0.239776] Spectre V2 : Spectre v2 / SpectreRSB mitigation: Filling RSB on context switch
[    0.241754] Speculative Store Bypass: Vulnerable
[    0.242829] SRBDS: Unknown: Dependent on hypervisor status
[    0.244213] MDS: Mitigation: Clear CPU buffers
[    0.247648] Freeing SMP alternatives memory: 36K
[    0.254199] ftrace: allocating 32334 entries in 127 pages
[    0.311804] smpboot: APIC(0) Converting physical 0 to logical package 0
[    0.313374] smpboot: Max logical packages: 1
[    0.314693] x2apic enabled
[    0.315655] Switched APIC routing to physical x2apic.
[    0.318085] ..TIMER: vector=0x30 apic1=0 pin1=2 apic2=-1 pin2=-1
[    0.427497] APIC calibration not consistent with PM-Timer: 96ms instead of 100ms
[    0.440503] APIC delta adjusted to PM-Timer: 6250376 (6053814)
[    0.441702] smpboot: CPU0: Intel(R) Core(TM) i5-6200U CPU @ 2.30GHz (family: 0x6, model: 0x4e, stepping: 0x3)
[    0.443852] Performance Events: unsupported p6 CPU model 78 no PMU driver, software events only.
[    0.463060] KVM setup paravirtual spinlock
[    0.466259] x86: Booting SMP configuration:
[    0.467169] .... node  #0, CPUs:      #1
[    0.468113] kvm-clock: cpu 1, msr 0:7ffe3041, secondary cpu clock
[    0.484735] mce: CPU supports 0 MCE banks
[    0.487535] x86: Booted up 1 node, 2 CPUs
[    0.496650] smpboot: Total of 2 processors activated (9600.03 BogoMIPS)
[    0.499443] devtmpfs: initialized
[    0.515504] evm: security.selinux
[    0.516630] evm: security.SMACK64
[    0.522824] evm: security.SMACK64EXEC
[    0.523765] evm: security.SMACK64TRANSMUTE
[    0.524808] evm: security.SMACK64MMAP
[    0.525711] evm: security.ima
[    0.526582] evm: security.capability
[    0.533189] clocksource: jiffies: mask: 0xffffffff max_cycles: 0xffffffff, max_idle_ns: 7645041785100000 ns
[    0.535857] futex hash table entries: 512 (order: 3, 32768 bytes)
[    0.537446] pinctrl core: initialized pinctrl subsystem
[    0.538818] RTC time: 13:46:16, date: 07/29/20
[    0.540134] NET: Registered protocol family 16
[    0.551565] cpuidle: using governor ladder
[    0.570108] cpuidle: using governor menu
[    0.571151] PCCT header not found.
[    0.572119] ACPI: bus type PCI registered
[    0.573131] acpiphp: ACPI Hot Plug PCI Controller Driver version: 0.5
[    0.574808] PCI: Using configuration type 1 for base access
[    0.599537] ACPI: Added _OSI(Module Device)
[    0.605897] ACPI: Added _OSI(Processor Device)
[    0.607030] ACPI: Added _OSI(3.0 _SCP Extensions)
[    0.613568] ACPI: Added _OSI(Processor Aggregator Device)
[    0.625650] ACPI: Executed 1 blocks of module-level executable AML code
[    0.630270] ACPI: Interpreter enabled
[    0.631387] ACPI: (supports S0 S5)
[    0.637792] ACPI: Using IOAPIC for interrupt routing
[    0.639479] PCI: Using host bridge windows from ACPI; if necessary, use "pci=nocrs" and report a bug
[    0.651802] ACPI: PCI Root Bridge [PCI0] (domain 0000 [bus 00-ff])
[    0.653080] acpi PNP0A03:00: _OSC: OS supports [ASPM ClockPM Segments MSI]
[    0.654358] acpi PNP0A03:00: _OSC: not requesting OS control; OS requires [ExtendedConfig ASPM ClockPM MSI]
[    0.656576] acpi PNP0A03:00: fail to add MMCONFIG information, can't access extended PCI configuration space under this bridge.
[    0.659549] PCI host bridge to bus 0000:00
[    0.667127] pci_bus 0000:00: root bus resource [io  0x0000-0x0cf7 window]
[    0.668678] pci_bus 0000:00: root bus resource [io  0x0d00-0xffff window]
[    0.670143] pci_bus 0000:00: root bus resource [mem 0x000a0000-0x000bffff window]
[    0.679308] pci_bus 0000:00: root bus resource [mem 0x80000000-0xfdffffff window]
[    0.681732] pci_bus 0000:00: root bus resource [bus 00-ff]
[    0.700227] pci 0000:00:01.1: legacy IDE quirk: reg 0x10: [io  0x01f0-0x01f7]
[    0.701837] pci 0000:00:01.1: legacy IDE quirk: reg 0x14: [io  0x03f6]
[    0.703433] pci 0000:00:01.1: legacy IDE quirk: reg 0x18: [io  0x0170-0x0177]
[    0.705066] pci 0000:00:01.1: legacy IDE quirk: reg 0x1c: [io  0x0376]
[    0.732336] pci 0000:00:07.0: quirk: [io  0x4000-0x403f] claimed by PIIX4 ACPI
[    0.734236] pci 0000:00:07.0: quirk: [io  0x4100-0x410f] claimed by PIIX4 SMB
[    0.757049] ACPI: PCI Interrupt Link [LNKA] (IRQs 5 9 10 *11)
[    0.760491] ACPI: PCI Interrupt Link [LNKB] (IRQs 5 9 *10 11)
[    0.772800] ACPI: PCI Interrupt Link [LNKC] (IRQs 5 *9 10 11)
[    0.776700] ACPI: PCI Interrupt Link [LNKD] (IRQs 5 9 10 *11)
[    0.778736] ACPI: Enabled 2 GPEs in block 00 to 07
[    0.780428] vgaarb: setting as boot device: PCI:0000:00:02.0
[    0.781777] vgaarb: device added: PCI:0000:00:02.0,decodes=io+mem,owns=io+mem,locks=none
[    0.794216] vgaarb: loaded
[    0.794921] vgaarb: bridge control possible 0000:00:02.0
[    0.802859] SCSI subsystem initialized
[    0.803853] ACPI: bus type USB registered
[    0.811190] usbcore: registered new interface driver usbfs
[    0.812301] usbcore: registered new interface driver hub
[    0.813546] usbcore: registered new device driver usb
[    0.815223] PCI: Using ACPI for IRQ routing
[    0.817721] NetLabel: Initializing
[    0.818669] NetLabel:  domain hash size = 128
[    0.819751] NetLabel:  protocols = UNLABELED CIPSOv4
[    0.820995] NetLabel:  unlabeled traffic allowed by default
[    0.823712] amd_nb: Cannot enumerate AMD northbridges
[    0.838618] clocksource: Switched to clocksource kvm-clock
[    0.864148] AppArmor: AppArmor Filesystem Enabled
[  0.895494] pnp: PnP ACPI init
[    0.946033] pnp: PnP ACPI: found 3 devices

[    0.956765] clocksource: acpi_pm: mask0xffffff max_cycles0xffff, mx_idle_ns: 2085701024 ns
[    .130468] NET: Registered protocol family 2

[    1.156091] TCP established hash table entries: 16384 (order: 5, 131072 bytes)
[    1.157669] TCP bind hash table entries: 16384 (order: 6, 262144 bytes)
[    1.158915] TCP: Hash tables configured (established 16384 bind 16384)
[   1657] UDP hash table entries: 1024 (order: 3, 32768 bytes)
[    1.289437] UDP-Lite hash table entries: 1024 (order: 3, 32768 bytes)
[    1.290688] NET: Registered protocol family 1
[    1.291610] pci 0000:00:00.0: Limiting direct PCI/PCI transfers
[    1.292754] pci 0000:00:01.0: Activating ISA DMA hang workarounds
[    1.294067] Unpacking initramfs...

[    1.541433] Freeing initrd memory: 14884K
[    1.705169] clocksource: tsc: mask: 0xffffffffffffffff max_cycles: 0x22983f10a64, max_idle_ns: 440795218721 ns
[    1.707704] platform rtc_cmos: registered platform RTC device (no PNP device found)
[    1.709544] Scanning for low memory corruption every 60 seconds
[    1.744319] audit: initializing netlink subsys (disabled)
[    1.745809] audit: type=2000 audit(1596030382.054:1): initialized
[    1.748081] Initialise system trusted keyring
[    1.750011] HugeTLB registered 2 MB page size, pre-allocated 0 pages
[    1.756999] zbud: loaded
[    1.759391] VFS: Disk quotas dquot_6.6.0
[    1.761029] VFS: Dquot-cache hash table entries: 512 (order 0, 4096 bytes)
[    1.763228] squashfs: version 4.0 (2009/01/31) Phillip Lougher
[    1.765036] fuse init (API version 7.23)
[    1.805336] Key type big_key registered
[    1.806191] Allocating IMA MOK and blacklist keyrings.
[    1.808290] Key type asymmetric registered
[    1.815193] Asymmetric key parser 'x509' registered
[    1.816262] Block layer SCSI generic (bsg) driver version 0.4 loaded (major 249)
[    1.818142] io scheduler noop registered
[    1.819166] io scheduler deadline registered (default)
[    1.820418] io scheduler cfq registered
[    1.821507] pci_hotplug: PCI Hot Plug PCI Core version: 0.5
[    1.822898] pciehp: PCI Express Hot Plug Controller Driver version: 0.4
[    1.824786] ACPI: AC Adapter [AC] (off-line)
[    1.876141] input: Power Button as /devices/LNXSYSTM:00/LNXPWRBN:00/input/input0
[    1.932991] ACPI: Power Button [PWRF]
[    1.945718] input: Sleep Button as /devices/LNXSYSTM:00/LNXSLPBN:00/input/input1
[    1.947931] ACPI: Sleep Button [SLPF]
[    1.949945] ACPI: Battery Slot [BAT0] (battery present)
[    2.015413] GHES: HEST is not enabled!
[    2.016374] Serial: 8250/16550 driver, 32 ports, IRQ sharing enabled
[    2.039819] 00:02: ttyS0 at I/O 0x3f8 (irq = 4, base_baud = 115200) is a 16550A
[    2.136983] Linux agpgart interface v0.103
[    2.158582] loop: module loaded
[    2.160104] scsi host0: ata_piix
[    2.161154] scsi host1: ata_piix
[    2.162037] ata1: PATA max UDMA/33 cmd 0x1f0 ctl 0x3f6 bmdma 0xd000 irq 14
[    2.163543] ata2: PATA max UDMA/33 cmd 0x170 ctl 0x376 bmdma 0xd008 irq 15
[    2.206138] libphy: Fixed MDIO Bus: probed
[    2.207264] tun: Universal TUN/TAP device driver, 1.6
[    2.257058] tun: (C) 1999-2004 Max Krasnyansky <maxk@qualcomm.com>
[    2.275809] PPP generic driver version 2.4.2
[    2.276800] ehci_hcd: USB 2.0 'Enhanced' Host Controller (EHCI) Driver
[    2.278036] ehci-pci: EHCI PCI platform driver
[    2.278963] ehci-platform: EHCI generic platform driver
[    2.280030] ohci_hcd: USB 1.1 'Open' Host Controller (OHCI) Driver
[    2.281211] ohci-pci: OHCI PCI platform driver
[    2.282135] ohci-platform: OHCI generic platform driver
[    2.283190] uhci_hcd: USB Universal Host Controller Interface driver
[    2.284518] i8042: PNP: PS/2 Controller [PNP0303:PS2K,PNP0f03:PS2M] at 0x60,0x64 irq 1,12
[    2.286711] serio: i8042 KBD port at 0x60,0x64 irq 1
[    2.287714] serio: i8042 AUX port at 0x60,0x64 irq 12
[    2.288828] mousedev: PS/2 mouse device common for all mice
[    2.290369] input: AT Translated Set 2 keyboard as /devices/platform/i8042/serio0/input/input2
[    2.292301] rtc_cmos rtc_cmos: rtc core: registered rtc_cmos as rtc0
[    2.293568] rtc_cmos rtc_cmos: alarms up to one day, 114 bytes nvram
[    2.294763] i2c /dev entries driver
[    2.295621] device-mapper: uevent: version 1.0.3
[    2.296634] device-mapper: ioctl: 4.34.0-ioctl (2015-10-28) initialised: dm-devel@redhat.com
[    2.298357] ledtrig-cpu: registered to indicate activity on CPUs
[    2.299933] NET: Registered protocol family 10
[    2.301140] NET: Registered protocol family 17
[    2.325429] Key type dns_resolver registered
[    2.326561] registered taskstats version 1
[    2.327470] Loading compiled-in X.509 certificates
[    2.329056] Loaded X.509 cert 'Build time autogenerated kernel key: cef5e81496c0efa51b848ab539e845ddf31c08be'
[    2.330980] zswap: loaded using pool lzo/zbud
[    2.333926] Key type trusted registered
[    2.339111] Key type encrypted registered
[    2.340017] AppArmor: AppArmor sha1 policy hashing enabled
[    2.341095] ima: No TPM chip found, activating TPM-bypass!
[    2.342170] ima: Allocated hash algorithm: sha1
[    2.343137] evm: HMAC attrs: 0x1
[    2.344211]   Magic number: 12:799:787
[    2.505202] rtc_cmos rtc_cmos: setting system clock to 2020-07-29 13:46:18 UTC (1596030378)
[    2.507212] BIOS EDD facility v0.16 2004-Jun-25, 0 devices found
[    2.508362] EDD information not available.
[    2.510632] Freeing unused kernel memory: 1492K
[    2.526943] Write protecting the kernel read-only data: 14336k
[    2.715558] Freeing unused kernel memory: 1592K
[    2.745581] Freeing unused kernel memory: 56K
Loading, please wait...
starting version 229
[    2.763277] random: systemd-udevd: uninitialized urandom read (16 bytes read, 3 bits of entropy available)
[    2.764335] random: udevadm: uninitialized urandom read (16 bytes read, 3 bits of entropy available)
[    2.764371] random: udevadm: uninitialized urandom read (16 bytes read, 3 bits of entropy available)
[    2.769171] random: systemd-udevd: uninitialized urandom read (16 bytes read, 3 bits of entropy available)
[    2.771135] random: systemd-udevd: uninitialized urandom read (16 bytes read, 3 bits of entropy available)
[    2.773067] random: systemd-udevd: uninitialized urandom read (16 bytes read, 3 bits of entropy available)
[    2.775741] random: udevadm: uninitialized urandom read (16 bytes read, 3 bits of entropy available)
[    2.775919] random: systemd-udevd: uninitialized urandom read (16 bytes read, 3 bits of entropy available)
[    2.775938] random: systemd-udevd: uninitialized urandom read (16 bytes read, 3 bits of entropy available)
[    2.775947] random: systemd-udevd: uninitialized urandom read (16 bytes read, 3 bits of entropy available)
[    2.822730] e1000: Intel(R) PRO/1000 Network Driver - version 7.3.21-k8-NAPI
[    2.841981] e1000: Copyright (c) 1999-2006 Intel Corporation.
[    2.845761] Fusion MPT base driver 3.04.20
[    2.846702] Copyright (c) 1999-2008 LSI Corporation
[    2.869903] Fusion MPT SPI Host driver 3.04.20
[    2.878646] AVX2 version of gcm_enc/dec engaged.
[    2.881151] AES CTR mode by8 optimization enabled
[    3.064707] input: ImExPS/2 Generic Explorer Mouse as /devices/platform/i8042/serio1/input/input4
[    3.271319] e1000 0000:00:03.0 eth0: (PCI:33MHz:32-bit) 02:81:88:50:25:98
[    3.272893] e1000 0000:00:03.0 eth0: Intel(R) PRO/1000 Network Connection
[    3.274851] mptbase: ioc0: Initiating bringup
[    3.340017] ioc0: LSI53C1030 A0: Capabilities={Initiator}
[    3.521334] scsi host2: ioc0: LSI53C1030 A0, FwRev=00000000h, Ports=1, MaxQ=256, IRQ=20
[    3.661883] scsi 2:0:0:0: Direct-Access     VBOX     HARDDISK         1.0  PQ: 0 ANSI: 5
[    3.676993] scsi target2:0:0: Beginning Domain Validation
[    3.708230] scsi target2:0:0: Domain Validation skipping write tests
[    3.709627] scsi target2:0:0: Ending Domain Validation
[    3.711201] scsi target2:0:0: asynchronous
[    3.712865] scsi 2:0:1:0: Direct-Access     VBOX     HARDDISK         1.0  PQ: 0 ANSI: 5
[    3.732665] scsi target2:0:1: Beginning Domain Validation
[    4.144021] scsi target2:0:1: Domain Validation skipping write tests
[    4.156246] scsi target2:0:1: Ending Domain Validation
[    4.157635] scsi target2:0:1: asynchronous
[    4.211188] sd 2:0:0:0: Attached scsi generic sg0 type 0
[    4.211900] sd 2:0:0:0: [sda] 20971520 512-byte logical blocks: (10.7 GB/10.0 GiB)
[    4.212011] sd 2:0:0:0: [sda] Write Protect is off
[    4.212123] sd 2:0:0:0: [sda] Incomplete mode parameter data
[    4.212124] sd 2:0:0:0: [sda] Assuming drive cache: write through
[    4.219050] sd 2:0:1:0: Attached scsi generic sg1 type 0
[    4.221262] sd 2:0:1:0: [sdb] 20480 512-byte logical blocks: (10.5 MB/10.0 MiB)
[    4.228561] sd 2:0:1:0: [sdb] Write Protect is off
[    4.233691] sd 2:0:1:0: [sdb] Incomplete mode parameter data
[    4.234884] sd 2:0:1:0: [sdb] Assuming drive cache: write through
[    4.265265]  sda: sda1
[    4.266848] sd 2:0:0:0: [sda] Attached SCSI disk
[    4.307129] sd 2:0:1:0: [sdb] Attached SCSI disk
[    4.477074] e1000 0000:00:08.0 eth1: (PCI:33MHz:32-bit) 08:00:27:13:37:7c
[    4.478709] e1000 0000:00:08.0 eth1: Intel(R) PRO/1000 Network Connection
[    4.481155] e1000 0000:00:03.0 enp0s3: renamed from eth0
[    4.495050] e1000 0000:00:08.0 enp0s8: renamed from eth1
Begin: Loading essential drivers ... [    5.880085] md: linear personality registered for level -1
[    5.883974] md: multipath personality registered for level -4
[    5.887803] md: raid0 personality registered for level 0
[    5.892929] md: raid1 personality registered for level 1
[    5.962686] raid6: sse2x1   gen()  9428 MB/s
[    6.030692] raid6: sse2x1   xor()  7043 MB/s
[    6.098693] raid6: sse2x2   gen() 11722 MB/s
[    6.166693] raid6: sse2x2   xor()  7868 MB/s
[    6.234628] raid6: sse2x4   gen() 13258 MB/s
[    6.302670] raid6: sse2x4   xor()  8921 MB/s
[    6.370703] raid6: avx2x1   gen() 15556 MB/s
[    6.442685] raid6: avx2x2   gen() 17074 MB/s
[    6.630650] raid6: avx2x4   gen() 23465 MB/s
[    6.737305] raid6: using algorithm avx2x4 gen() 23465 MB/s
[    6.786626] raid6: using avx2x2 recovery algorithm
[    6.790112] xor: automatically using best checksumming function:
[    6.854636]    avx       : 69965.000 MB/sec
[    6.866850] async_tx: api initialized (async)
[    6.879905] md: raid6 personality registered for level 6
[    7.013239] md: raid5 personality registered for level 5
[    7.014264] md: raid4 personality registered for level 4
[    7.022044] md: raid10 personality registered for level 10
done.
Begin: Running /scripts/init-premount ... done.
Begin: Mounting root file system ... Begin: Running /scripts/local-top ... done.
Begin: Running /scripts/local-premount ... [    7.165472] Btrfs loaded
Scanning for Btrfs filesystems
done.
Warning: fsck not present, so skipping root file system
[    7.338862] EXT4-fs (sda1): mounted filesystem with ordered data mode. Opts: (null)
done.
Begin: Running /scripts/local-bottom ... done.
Begin: Running /scripts/init-bottom ... done.
[    8.407504] random: nonblocking pool is initialized
[    8.547677] systemd[1]: systemd 229 running in system mode. (+PAM +AUDIT +SELINUX +IMA +APPARMOR +SMACK +SYSVINIT +UTMP +LIBCRYPTSETUP +GCRYPT +GNUTLS +ACL +XZ -LZ4 +SECCOMP +BLKID +ELFUTILS +KMOD -IDN)
[    8.576548] systemd[1]: Detected virtualization oracle.
[    8.591780] systemd[1]: Detected architecture x86-64.

Welcome to [1mUbuntu 16.04.6 LTS[0m!

[    8.5447] systemd[1]: Set hostname to <ubuntu-xenial>.

[   10.158477] systemd[1]: Created slice User and Session Slice.
[[0;32m  OK  [0m] Created slice User and Session Slice.
[   10.194951] systemd[1]: Reached target Encrypted Volumes.
[[0;32m  OK  [0m] Reached target Encrypted Volumes.
[   10.243336] systemd[1]: Listening on /dev/initctl Compatibility Named Pipe.
[[0;32m  OK  [0m] Listening on /dev/initctl Compatibility Named Pipe.
[   10.261663] systemd[1]: Listening on Journal Audit Socket.
[[0;32m  OK  [0m] Listening on Journal Audit Socket.
[   10.291053] systemd[1]: Listening on LVM2 metadata daemon socket.
[[0;32m  OK  [0m] Listening on LVM2 metadata daemon socket.
[   10.305479] systemd[1]: Listening on Journal Socket (/dev/log).
[[0;32m  OK  [0m] Listening on Journal Socket (/dev/log).
[   10.310379] systemd[1]: Listening on Device-mapper event daemon FIFOs.
[[0;32m  OK  [0m] Listening on Device-mapper event daemon FIFOs.
[   10.320519] systemd[1]: Listening on udev Control Socket.
[[0;32m  OK  [0m] Listening on udev Control Socket.
[   10.324345] systemd[1]: Listening on Syslog Socket.
[[0;32m  OK  [0m] Listening on Syslog Socket.
[   10.347182] systemd[1]: Started Forward Password Requests to Wall Directory Watch.
[[0;32m  OK  [0m] Started Forward Password Requests to Wall Directory Watch.
[   10.528465] systemd[1]: Started Trigger resolvconf update for networkd DNS.
[[0;32m  OK  [0m] Started Trigger resolvconf update for networkd DNS.
[   10.558952] systemd[1]: Set up automount Arbitrary Executable File Formats File System Automount Point.
[[0;32m  OK  [0m] Set up automount Arbitrary Executab...ats File System Automount Point.
[   10.583029] systemd[1]: Reached target Swap.
[[0;32m  OK  [0m] Reached target Swap.
[   10.604253] systemd[1]: Listening on Journal Socket.
[[0;32m  OK  [0m] Listening on Journal Socket.
[   10.634800] systemd[1]: Created slice System Slice.
[[0;32m  OK  [0m] Created slice System Slice.
[   10.638504] systemd[1]: Created slice system-serial\x2dgetty.slice.
[[0;32m  OK  [0m] Created slice system-serial\x2dgetty.slice.
[   10.652985] systemd[1]: Starting Journal Service...
         Starting Journal Service...
[   10.683076] systemd[1]: Reached target Slices.
[[0;32m  OK  [0m] Reached target Slices.
[   10.784188] systemd[1]: Mounting POSIX Message Queue File System...
         Mounting POSIX Message Queue File System...
[   10.891074] systemd[1]: Starting Load Kernel Modules...
         Starting Load Kernel Modules...
[   10.903434] systemd[1]: Starting Uncomplicated firewall...
         Starting Uncomplicated firewall...
[   10.921968] systemd[1]: Mounting Debug File System...
         Mounting Debug File System...
[   10.926592] systemd[1]: Starting Monitoring of LVM2 mirrors, snapshots etc. using dmeventd or progress polling...
         Starting Monitoring of LVM2 mirrors... dmeventd or progress polling...
[   10.934328] systemd[1]: Mounting Huge Pages File System...
         Mounting Huge Pages File System...
[   10.959329] systemd[1]: Listening on LVM2 poll daemon socket.
[[0;32m  OK  [0m] Listening on LVM2 poll daemon socket.
[   10.975055] systemd[1]: Starting Set console keymap...
         Starting Set console keymap...
[   10.990550] systemd[1]: Listening on udev Kernel Socket.
[[0;32m  OK  [0m] Listening on udev Kernel Socket.
[   10.994114] systemd[1]: Starting Remount Root and Kernel File Systems...
         Starting Remount Root and Kernel File Systems...
[   11.005965] systemd[1]: Reached target User and Group Name Lookups.
[[0;32m  OK  [0m] Reached target User and Group Name Lookups.
[   11.009138] systemd[1]: Reached target System Time Synchronized.
[[0;32m  OK  [0m] Reached target System Time Synchronized.
[   11.012950] systemd[1]: Starting Nameserver information manager...
         Starting Nameserver information manager...
[   11.016553] systemd[1]: Starting Create list of required static device nodes for the current kernel...
         Starting Create list of required st... nodes for the current kernel...
[   11.023257] systemd[1]: Mounted Huge Pages File System.
[[0;32m  OK  [0m] Mounted Huge Pages File System.
[   11.026167] systemd[1]: Mounted POSIX Message Queue File System.
[[0;32m  OK  [0m] Mounted POSIX Message Queue File System.
[   11.029336] systemd[1]: Mounted Debug File System.
[[0;32m  OK  [0m] Mounted Debug File System.
[   11.056814] EXT4-fs (sda1): re-mounted. Opts: (null)
[   11.059340] systemd[1]: Started Remount Root and Kernel File Systems.
[[0;32m  OK  [0m] Started Remount Root and Kernel File Systems.
[   11.075071] systemd[1]: Starting Load/Save Random Seed...
         Starting Load/Save Random Seed...
[   11.173491] Loading iSCSI transport class v2.0-870.
[   11.191678] systemd[1]: Starting udev Coldplug all Devices...
         Starting udev Coldplug all Devices...
[   11.213215] systemd[1]: Started Uncomplicated firewall.
[[0;32m  OK  [0m] Started Uncomplicated firewall.
[   11.234410] systemd[1]: Started Create list of required static device nodes for the current kernel.
[[0;32m  OK  [0m] Started Create list of required sta...ce nodes for the current kernel.
[   11.291159] systemd[1]: Started Nameserver information manager.
[[0;32m  OK  [0m] Started Nameserver information manager.
[   11.296938] systemd[1]: Started Load/Save Random Seed.
[[0;32m  OK  [0m] Started Load/Save Random Seed.
[   11.328616] iscsi: registered transport (tcp)
[   11.330605] systemd[1]: Started Journal Service.
[[0;32m  OK  [0m] Started Journal Service.
         Starting Flush Journal to Persistent Storage...
         Starting Create Static Device Nodes in /dev...
[[0;32m  OK  [0m] Started udev Coldplug all Devices.
[[0;32m  OK  [0m] Started LVM2 metadata daemon.
[   11.479795] systemd-journald[370]: Received request to flush runtime journal from PID 1
[[0;32m  OK  [0m] Started Flush Journal to Persistent Storage.
[[0;32m  OK  [0m] Started Set console keymap.
[   11.714497] iscsi: registered transport (iser)
[[0;32m  OK  [0m] Started Load Kernel Modules.
         Mounting FUSE Control File System...
         Starting Apply Kernel Variables...
[[0;32m  OK  [0m] Mounted FUSE Control File System.
[[0;32m  OK  [0m] Started Monitoring of LVM2 mirrors,...ng dmeventd or progress polling.
[[0;32m  OK  [0m] Started Apply Kernel Variables.
[[0;32m  OK  [0m] Started Create Static Device Nodes in /dev.
         Starting udev Kernel Device Manager...
[[0;32m  OK  [0m] Reached target Local File Systems (Pre).
[[0;32m  OK  [0m] Reached target Local File Systems.
         Starting Create Volatile Files and Directories...
         Starting LSB: AppArmor initialization...
         Starting Tell Plymouth To Write Out Runtime Data...
         Starting Set console font and keymap...
         Starting Initial cloud-init job (pre-networking)...
[[0;32m  OK  [0m] Started Tell Plymouth To Write Out Runtime Data.
[[0;32m  OK  [0m] Started Create Volatile Files and Directories.
         Starting Update UTMP about System Boot/Shutdown...
[[0;32m  OK  [0m] Started Update UTMP about System Boot/Shutdown.
[[0;32m  OK  [0m] Started udev Kernel Device Manager.
[[0;32m  OK  [0m] Started Dispatch Password Requests to Console Directory Watch.
[[0;32m  OK  [0m] Found device /dev/ttyS0.
[[0;32m  OK  [0m] Started Set console font and keymap.
[[0;32m  OK  [0m] Created slice system-getty.slice.
[[0;32m  OK  [0m] Listening on Load/Save RF Kill Switch Status /dev/rfkill Watch.
[[0;32m  OK  [0m] Found device 82540EM Gigabit Ethern...r (PRO/1000 MT Desktop Adapter).
[[0;32m  OK  [0m] Found device 82540EM Gigabit Ethern...r (PRO/1000 MT Desktop Adapter).
[[0;32m  OK  [0m] Started LSB: AppArmor initialization.
         Starting Load AppArmor profiles managed internally by snapd...
[[0;32m  OK  [0m] Started Load AppArmor profiles managed internally by snapd.
[   18.016534] cloud-init[483]: Cloud-init v. 20.2-45-g5f7825e2-0ubuntu1~16.04.1 running 'init-local' at Wed, 29 Jul 2020 13:46:33 +0000. Up 17.23 seconds.
[[0;32m  OK  [0m] Started Initial cloud-init job (pre-networking).
[[0;32m  OK  [0m] Reached target Network (Pre).
[[0;32m  OK  [0m] Started ifup for enp0s3.
         Starting Raise network interfaces...
[[0;32m  OK  [0m] Started ifup for enp0s8.
[[0;32m  OK  [0m] Started Raise network interfaces.
[[0;32m  OK  [0m] Reached target Network.
         Starting Initial cloud-init job (metadata service crawler)...
[   19.301410] cloud-init[1083]: Cloud-init v. 20.2-45-g5f7825e2-0ubuntu1~16.04.1 running 'init' at Wed, 29 Jul 2020 13:46:35 +0000. Up 18.69 seconds.
[   19.351140] cloud-init[1083]: ci-info: ++++++++++++++++++++++++++++++++++++++Net device info+++++++++++++++++++++++++++++++++++++++
[   19.384437] cloud-init[1083]: ci-info: +--------+------+-----------------------------+---------------+--------+-------------------+
[   19.384881] cloud-init[1083]: ci-info: | Device |  Up  |           Address           |      Mask     | Scope  |     Hw-Address    |
[   19.385184] cloud-init[1083]: ci-info: +--------+------+-----------------------------+---------------+--------+-------------------+
[   19.385374] cloud-init[1083]: ci-info: | enp0s3 | True |          10.0.2.15          | 255.255.255.0 | global | 02:81:88:50:25:98 |
[   19.385843] cloud-init[1083]: ci-info: | enp0s3 | True |  fe80::81:88ff:fe50:2598/64 |       .       |  link  | 02:81:88:50:25:98 |
[   19.386266] cloud-init[1083]: ci-info: | enp0s8 | True |        192.168.33.10        | 255.255.255.0 | global | 08:00:27:13:37:7c |
[   19.386482] cloud-init[1083]: ci-info: | enp0s8 | True | fe80::a00:27ff:fe13:377c/64 |       .       |  link  | 08:00:27:13:37:7c |
[   19.386672] cloud-init[1083]: ci-info: |   lo   | True |          127.0.0.1          |   255.0.0.0   |  host  |         .         |
[   19.386888] cloud-init[1083]: ci-info: |   lo   | True |           ::1/128           |       .       |  host  |         .         |
[   19.387322] cloud-init[1083]: ci-info: +--------+------+-----------------------------+---------------+--------+-------------------+
[[0;32m  OK  [0m] Started Initial cloud-init job (metadata service crawler).
[   19.387548] cloud-init[1083]: ci-info: ++++++++++++++++++++++++++++Route IPv4 info++++++++++++++++++++++++++++
[   19.583088] cloud-init[1083]: ci-info: +-------+--------------+----------+---------------+-----------+-------+
[   19.583574] cloud-init[1083]: ci-info: | Route | Destination  | Gateway  |    Genmask    | Interface | Flags |
[   19.583783] cloud-init[1083]: ci-info: +-------+--------------+----------+---------------+-----------+-------+
[   19.584405] cloud-init[1083]: ci-info: |   0   |   0.0.0.0    | 10.0.2.2 |    0.0.0.0    |   enp0s3  |   UG  |
[   19.584821] cloud-init[1083]: ci-info: |   1   |   10.0.2.0   | 0.0.0.0  | 255.255.255.0 |   enp0s3  |   U   |
[   19.585031] cloud-init[1083]: ci-info: |   2   | 192.168.33.0 | 0.0.0.0  | 255.255.255.0 |   enp0s8  |   U   |
[   19.585234] cloud-init[1083]: ci-info: +-------+--------------+----------+---------------+-----------+-------+
[   19.585437] cloud-init[1083]: ci-info: +++++++++++++++++++Route IPv6 info+++++++++++++++++++
[   19.585651] cloud-init[1083]: ci-info: +-------+-------------+---------+-----------+-------+
[   19.585900] cloud-init[1083]: ci-info: | Route | Destination | Gateway | Interface | Flags |
[   19.586343] cloud-init[1083]: ci-info: +-------+-------------+---------+-----------+-------+
[   19.586759] cloud-init[1083]: ci-info: |   0   |  fe80::/64  |    ::   |   enp0s8  |   U   |
[   19.587185] cloud-init[1083]: ci-info: |   1   |  fe80::/64  |    ::   |   enp0s3  |   U   |
[   19.587640] cloud-init[1083]: ci-info: |   4   |   ff00::/8  |    ::   |   enp0s8  |   U   |
[   19.588097] cloud-init[1083]: ci-info: |   5   |   ff00::/8  |    ::   |   enp0s3  |   U   |
[   19.588267] cloud-init[1083]: ci-info: +-------+-------------+---------+-----------+-------+
[[0;32m  OK  [0m] Reached target System Initialization.
         Starting Socket activation for snappy daemon.
[[0;32m  OK  [0m] Started Daily Cleanup of Temporary Directories.
[[0;32m  OK  [0m] Started Clean PHP session files every 30 mins.
[[0;32m  OK  [0m] Started Message of the Day.
[[0;32m  OK  [0m] Started Daily apt download activities.
[[0;32m  OK  [0m] Started Daily apt upgrade and clean activities.
[[0;32m  OK  [0m] Reached target Timers.
[[0;32m  OK  [0m] Listening on ACPID Listen Socket.
         Starting LXD - unix socket.
[[0;32m  OK  [0m] Listening on D-Bus System Message Bus Socket.
[[0;32m  OK  [0m] Started ACPI Events Check.
[[0;32m  OK  [0m] Reached target Paths.
[[0;32m  OK  [0m] Listening on UUID daemon activation socket.
[[0;32m  OK  [0m] Reached target Network is Online.
         Starting iSCSI initiator daemon (iscsid)...
[[0;32m  OK  [0m] Reached target Cloud-config availability.
[[0;32m  OK  [0m] Listening on Socket activation for snappy daemon.
[[0;32m  OK  [0m] Listening on LXD - unix socket.
[[0;32m  OK  [0m] Reached target Sockets.
[[0;32m  OK  [0m] Reached target Basic System.
         Starting System Logging Service...
         Starting Login Service...
         Starting OpenBSD Secure Shell server...
         Starting Virtualbox guest utils...
         Starting LXD - container startup/shutdown...
         Starting Clean php session files...
[[0;32m  OK  [0m] Started FUSE filesystem for LXC.
         Starting LSB: Record successful boot for GRUB...
[[0;32m  OK  [0m] Started D-Bus System Message Bus.
[[0;32m  OK  [0m] Started Regular background program processing daemon.
         Starting /etc/rc.local Compatibility...
         Starting Snap Daemon...
         Starting MySQL Community Server...
[[0;32m  OK  [0m] Started Deferred execution scheduler.
         Starting Accounts Service...
[[0;32m  OK  [0m] Started ACPI event daemon.
         Starting LSB: MD monitoring daemon...
[[0;32m  OK  [0m] Started System Logging Service.
[[0;32m  OK  [0m] Started /etc/rc.local Compatibility.
[[0;32m  OK  [0m] Started OpenBSD Secure Shell server.
[[0;32m  OK  [0m] Started Login Service.
[[0;32m  OK  [0m] Started Unattended Upgrades Shutdown.
[[0;32m  OK  [0m] Started iSCSI initiator daemon (iscsid).
         Starting Login to default iSCSI targets...
[[0;32m  OK  [0m] Started LSB: Record successful boot for GRUB.
[[0;32m  OK  [0m] Started LSB: MD monitoring daemon.
[[0;32m  OK  [0m] Started Login to default iSCSI targets.
[[0;32m  OK  [0m] Reached target Remote File Systems (Pre).
[[0;32m  OK  [0m] Reached target Remote File Systems.
         Starting LSB: daemon to balance interrupts for SMP systems...
         Starting LSB: automatic crash report generation...
         Starting LSB: Apache2 web server...
         Starting LSB: Set the CPU Frequency Scaling governor to "ondemand"...
         Starting Permit User Sessions...
[[0;32m  OK  [0m] Started Virtualbox guest utils.
[[0;32m  OK  [0m] Started LSB: Set the CPU Frequency Scaling governor to "ondemand".
[[0;32m  OK  [0m] Started Permit User Sessions.
         Starting Terminate Plymouth Boot Screen...
         Starting Hold until boot process finishes up...
[[0;32m  OK  [0m] Started Terminate Plymouth Boot Screen.
[[0;32m  OK  [0m] Started Hold until boot process finishes up.
[[0;32m  OK  [0m] Started LSB: daemon to balance interrupts for SMP systems.
[[0;32m  OK  [0m] Started Serial Getty on ttyS0.
         Starting Set console scheme...
[[0;32m  OK  [0m] Started Getty on tty1.
[[0;32m  OK  [0m] Reached target Login Prompts.
[[0;32m  OK  [0m] Started Set console scheme.
[[0;32m  OK  [0m] Started LSB: automatic crash report generation.
         Starting Authenticate and Authorize Users to Run Privileged Tasks...
[[0;32m  OK  [0m] Started Authenticate and Authorize Users to Run Privileged Tasks.
[[0;32m  OK  [0m] Started Accounts Service.
[[0;32m  OK  [0m] Started LXD - container startup/shutdown.
[[0;32m  OK  [0m] Created slice User Slice of vagrant.
         Starting User Manager for UID 1000...
[[0;32m  OK  [0m] Started Session 1 of user vagrant.
[[0;32m  OK  [0m] Started User Manager for UID 1000.
[[0;32m  OK  [0m] Started Snap Daemon.
         Starting Wait until snapd is fully seeded...
[[0;32m  OK  [0m] Started Wait until snapd is fully seeded.
         Starting Apply the settings specified in cloud-config...
[   27.400686] cloud-init[1413]: Cloud-init v. 20.2-45-g5f7825e2-0ubuntu1~16.04.1 running 'modules:config' at Wed, 29 Jul 2020 13:46:43 +0000. Up 26.98 seconds.
[[0;32m  OK  [0m] Started Apply the settings specified in cloud-config.

Ubuntu 16.04.6 LTS ubuntu-xenial ttyS0

ubuntu-xenial login: [   32.631358] cloud-init[1611]: Cloud-init v. 20.2-45-g5f7825e2-0ubuntu1~16.04.1 running 'modules:final' at Wed, 29 Jul 2020 13:46:48 +0000. Up 32.39 seconds.
[   32.632000] cloud-init[1611]: Cloud-init v. 20.2-45-g5f7825e2-0ubuntu1~16.04.1 finished at Wed, 29 Jul 2020 13:46:48 +0000. Datasource DataSourceNoCloud [seed=/dev/sdb][dsmode=net].  Up 32.62 seconds
[[0;32m  OK  [0m] Stopped target Graphical Interface.
[[0;32m  OK  [0m] Stopped target Cloud-init target.
[[0;32m  OK  [0m] Stopped Execute cloud user/final scripts.
[[0;32m  OK  [0m] Stopped target Multi-User System.
         Stopping Regular background program processing daemon...
         Stopping LSB: automatic crash report generation...
         Stopping LXD - container startup/shutdown...
         Stopping LSB: Record successful boot for GRUB...
         Stopping LSB: daemon to balance interrupts for SMP systems...
         Stopping FUSE filesystem for LXC...
         Stopping ACPI event daemon...
[[0;32m  OK  [0m] Closed Load/Save RF Kill Switch Status /dev/rfkill Watch.
[[0;32m  OK  [0m] Stopped target Timers.
[[0;32m  OK  [0m] Stopped Message of the Day.
         Stopping OpenBSD Secure Shell server...
         Stopping LSB: Set the CPU Frequency Scaling governor to "ondemand"...
[[0;32m  OK  [0m] Stopped Daily Cleanup of Temporary Directories.
         Stopping Accounts Service...
         Stopping MySQL Community Server...
         Stopping Authenticate and Authorize Users to Run Privileged Tasks...
         Stopping Session 8 of user vagrant.
[[0;32m  OK  [0m] Stopped Apply the settings specified in cloud-config.
[[0;32m  OK  [0m]          Stopping D-Bus System Message Bus...
         Stopping User Manager for UID 1000...
         Stopping LSB: MD monitoring daemon...
[[0;32m  OK  [0m] Unmounted /var/lib/lxcfs.
[[0;32m  OK  [0m] Stopped System Logging Service.
[[0;32m  OK  [0m] Stopped Regular background program processing daemon.
[[0;32m  OK  [0m] Stopped Deferred execution scheduler.
[[0;32m  OK  [0m] Stopped Accounts Service.
[[0;32m  OK  [0m] Stopped ACPI event daemon.
[[0;32m  OK  [0m] Stopped OpenBSD Secure Shell server.
[[0;32m  OK  [0m] Stopped Unattended Upgrades Shutdown.
[[0;32m  OK  [0m] Stopped Serial Getty on ttyS0.
[[0;32m  OK  [0m] Stopped Getty on tty1.
[[0;32m  OK  [0m] Stopped Authenticate and Authorize Users to Run Privileged Tasks.
[[0;32m  OK  [0m] Stopped User Manager for UID 1000.
[[0;32m  OK  [0m] Stopped Session 8 of user vagrant.
[[0;32m  OK  [0m] Stopped D-Bus System Message Bus.
[[0;32m  OK  [0m] Stopped FUSE filesystem for LXC.
[[0;32m  OK  [0m] Stopped LXD - container startup/shutdown.
[[0;32m  OK  [0m] Stopped LSB: daemon to balance interrupts for SMP systems.
[[0;32m  OK  [0m] Stopped LSB: Record successful boot for GRUB.
[[0;32m  OK  [0m] Stopped LSB: Set the CPU Frequency Scaling governor to "ondemand".
[[0;32m  OK  [0m] Stopped LSB: MD monitoring daemon.
[[0;32m  OK  [0m] Removed slice User Slice of vagrant.
[[0;32m  OK  [0m] Removed slice system-getty.slice.
         Stopping Permit User Sessions...
[[0;32m  OK  [0m] Stopped /etc/rc.local Compatibility.
[[0;32m  OK  [0m] Removed slice system-serial\x2dgetty.slice.
         Stopping Login Service...
[[0;32m  OK  [0m] Stopped LSB: automatic crash report generation.
[[0;32m  OK  [0m] Stopped Virtualbox guest utils.
[[0;32m  OK  [0m] Stopped Permit User Sessions.
[[0;32m  OK  [0m] Stopped Login Service.
[[0;32m  OK  [0m] Stopped target User and Group Name Lookups.
[[0;32m  OK  [0m] Stopped LSB: Apache2 web server.
[[0;32m  OK  [0m] Stopped target Remote File Systems.
[[0;32m  OK  [0m] Stopped target Remote File Systems (Pre).
         Stopping Login to default iSCSI targets...
[[0;32m  OK  [0m] Stopped Login to default iSCSI targets.
         Stopping iSCSI initiator daemon (iscsid)...
[[0;32m  OK  [0m] Stopped iSCSI initiator daemon (iscsid).
[[0;32m  OK  [0m] Stopped target Network is Online.
[[0;32m  OK  [0m] Stopped MySQL Community Server.
[[0;32m  OK  [0m] Stopped target Network.
[[0;32m  OK  [0m] Stopped target Basic System.
[[0;32m  OK  [0m] Stopped target Paths.
[[0;32m  OK  [0m] Stopped ACPI Events Check.
[[0;32m  OK  [0m] Stopped Forward Password Requests to Wall Directory Watch.
[[0;32m  OK  [0m] Stopped Dispatch Password Requests to Console Directory Watch.
[[0;32m  OK  [0m] Stopped target Slices.
[[0;32m  OK  [0m] Removed slice User and Session Slice.
[[0;32m  OK  [0m] Stopped target Sockets.
[[0;32m  OK  [0m] Closed ACPID Listen Socket.
[[0;32m  OK  [0m] Closed Socket activation for snappy daemon.
[[0;32m  OK  [0m] Closed D-Bus System Message Bus Socket.
[[0;32m  OK  [0m] Closed LXD - unix socket.
[[0;32m  OK  [0m] Closed UUID daemon activation socket.
[[0;32m  OK  [0m] Closed Syslog Socket.
[[0;32m  OK  [0m] Stopped target System Initialization.
[[0;32m  OK  [0m] Stopped target Encrypted Volumes.
         Stopping Load/Save Random Seed...
[[0;32m  OK  [0m] Stopped target Swap.
         Stopping Update UTMP about System Boot/Shutdown...
[[0;32m  OK  [0m] Stopped Initial cloud-init job (metadata service crawler).
         Stopping Raise network interfaces...
[[0;32m  OK  [0m] Stopped Load/Save Random Seed.
[[0;32m  OK  [0m] Stopped Update UTMP about System Boot/Shutdown.
[[0;32m  OK  [0m] Stopped Create Volatile Files and Directories.
[[0;32m  OK  [0m] Stopped Raise network interfaces.
[[0;32m  OK  [0m] Stopped Apply Kernel Variables.
[[0;32m  OK  [0m] Stopped target Network (Pre).
[[0;32m  OK  [0m] Stopped Initial cloud-init job (pre-networking).
[[0;32m  OK  [0m] Stopped target Local File Systems.
         Unmounting /var/www/html...
         Unmounting /run/user/1000...
         Unmounting /vagrant...
[[0;32m  OK  [0m] Stopped Load Kernel Modules.
[[0;32m  OK  [0m] Unmounted /var/www/html.
[[0;32m  OK  [0m] Unmounted /run/user/1000.
[[0;32m  OK  [0m] Unmounted /vagrant.
[[0;32m  OK  [0m] Reached target Unmount All Filesystems.
[[0;32m  OK  [0m] Stopped target Local File Systems (Pre).
[[0;32m  OK  [0m] Stopped Remount Root and Kernel File Systems.
[[0;32m  OK  [0m] Stopped Create Static Device Nodes in /dev.
[[0;32m  OK  [0m] Reached target Shutdown.
[ 830542reboot: Power down